2024-04-16T17:39:03.443-03:00  INFO 2756 --- [main] com.br.asbuilt.AsBuiltApplicationKt      : Starting AsBuiltApplicationKt using Java 17.0.10 with PID 2756 (D:\Rafael\Projetos\AsBuilt\backend\build\classes\kotlin\main started by rafael.kampa in D:\Rafael\Projetos\AsBuilt)
2024-04-16T17:39:03.476-03:00  INFO 2756 --- [main] com.br.asbuilt.AsBuiltApplicationKt      : No active profile set, falling back to 1 default profile: "default"
2024-04-16T17:39:20.442-03:00  INFO 2756 --- [main] .s.d.r.c.RepositoryConfigurationDelegate : Bootstrapping Spring Data JPA repositories in DEFAULT mode.
2024-04-16T17:39:20.541-03:00  INFO 2756 --- [main] .s.d.r.c.RepositoryConfigurationDelegate : Finished Spring Data repository scanning in 89 ms. Found 4 JPA repository interfaces.
2024-04-16T17:39:21.382-03:00  INFO 2756 --- [main] o.s.b.w.embedded.tomcat.TomcatWebServer  : Tomcat initialized with port(s): 8080 (http)
2024-04-16T17:39:21.401-03:00  INFO 2756 --- [main] o.apache.catalina.core.StandardService   : Starting service [Tomcat]
2024-04-16T17:39:21.401-03:00  INFO 2756 --- [main] o.apache.catalina.core.StandardEngine    : Starting Servlet engine: [Apache Tomcat/10.1.11]
2024-04-16T17:39:21.547-03:00  INFO 2756 --- [main] o.a.c.c.C.[.[localhost].[/asbuilt]       : Initializing Spring embedded WebApplicationContext
2024-04-16T17:39:21.547-03:00  INFO 2756 --- [main] w.s.c.ServletWebServerApplicationContext : Root WebApplicationContext: initialization completed in 17896 ms
2024-04-16T17:39:21.981-03:00  INFO 2756 --- [main] o.hibernate.jpa.internal.util.LogHelper  : HHH000204: Processing PersistenceUnitInfo [name: default]
2024-04-16T17:39:22.091-03:00  INFO 2756 --- [main] org.hibernate.Version                    : HHH000412: Hibernate ORM core version 6.2.6.Final
2024-04-16T17:39:22.091-03:00  INFO 2756 --- [main] org.hibernate.cfg.Environment            : HHH000406: Using bytecode reflection optimizer
2024-04-16T17:39:22.331-03:00  INFO 2756 --- [main] o.h.b.i.BytecodeProviderInitiator        : HHH000021: Bytecode provider name : bytebuddy
2024-04-16T17:39:22.551-03:00  INFO 2756 --- [main] o.s.o.j.p.SpringPersistenceUnitInfo      : No LoadTimeWeaver setup: ignoring JPA class transformer
2024-04-16T17:39:22.581-03:00  INFO 2756 --- [main] com.zaxxer.hikari.HikariDataSource       : HikariPool-1 - Starting...
2024-04-16T17:39:23.371-03:00  INFO 2756 --- [main] com.zaxxer.hikari.pool.HikariPool        : HikariPool-1 - Added connection ConnectionID:1 ClientConnectionId: 994c856e-13ef-4e36-b17d-4f63a9264d62
2024-04-16T17:39:23.371-03:00  INFO 2756 --- [main] com.zaxxer.hikari.HikariDataSource       : HikariPool-1 - Start completed.
2024-04-16T17:39:23.871-03:00  INFO 2756 --- [main] o.h.b.i.BytecodeProviderInitiator        : HHH000021: Bytecode provider name : bytebuddy
2024-04-16T17:39:25.107-03:00  INFO 2756 --- [main] o.h.e.t.j.p.i.JtaPlatformInitiator       : HHH000490: Using JtaPlatform implementation: [org.hibernate.engine.transaction.jta.platform.internal.NoJtaPlatform]
2024-04-16T17:39:26.146-03:00  INFO 2756 --- [main] j.LocalContainerEntityManagerFactoryBean : Initialized JPA EntityManagerFactory for persistence unit 'default'
2024-04-16T17:39:26.933-03:00  INFO 2756 --- [main] o.s.d.j.r.query.QueryEnhancerFactory     : Hibernate is in classpath; If applicable, HQL parser will be used.
2024-04-16T17:39:27.780-03:00  WARN 2756 --- [main] JpaBaseConfiguration$JpaWebConfiguration : spring.jpa.open-in-view is enabled by default. Therefore, database queries may be performed during view rendering. Explicitly configure spring.jpa.open-in-view to disable this warning
2024-04-16T17:39:28.101-03:00  WARN 2756 --- [main] .s.s.UserDetailsServiceAutoConfiguration : 

Using generated security password: eb371443-fca6-406b-9844-dbcb986b35c5

This generated password is for development use only. Your security configuration must be updated before running your application in production.

2024-04-16T17:39:28.251-03:00  INFO 2756 --- [main] o.s.s.web.DefaultSecurityFilterChain     : Will secure any request with [org.springframework.security.web.session.DisableEncodeUrlFilter@419e46bb, org.springframework.security.web.context.request.async.WebAsyncManagerIntegrationFilter@1531fbc8, org.springframework.security.web.context.SecurityContextHolderFilter@10ab3bc0, org.springframework.security.web.header.HeaderWriterFilter@38f2c97e, org.springframework.web.filter.CorsFilter@563ccd31, org.springframework.security.web.authentication.logout.LogoutFilter@75e00044, com.br.asbuilt.security.JwtTokenFilter@2c1d57bc, org.springframework.security.web.savedrequest.RequestCacheAwareFilter@445dc8dc, org.springframework.security.web.servletapi.SecurityContextHolderAwareRequestFilter@4bb13671, org.springframework.security.web.authentication.AnonymousAuthenticationFilter@536a0bbe, org.springframework.security.web.session.SessionManagementFilter@d22c288, org.springframework.security.web.access.ExceptionTranslationFilter@1a2454b0, org.springframework.security.web.access.intercept.AuthorizationFilter@6224872f]
2024-04-16T17:39:28.732-03:00  INFO 2756 --- [main] o.s.b.w.embedded.tomcat.TomcatWebServer  : Tomcat started on port(s): 8080 (http) with context path '/asbuilt'
2024-04-16T17:39:28.986-03:00  INFO 2756 --- [main] com.br.asbuilt.AsBuiltApplicationKt      : Started AsBuiltApplicationKt in 26.446 seconds (process running for 31.293)
2024-04-16T17:45:52.768-03:00  INFO 2756 --- [http-nio-8080-exec-2] o.a.c.c.C.[.[localhost].[/asbuilt]       : Initializing Spring DispatcherServlet 'dispatcherServlet'
2024-04-16T17:45:52.768-03:00  INFO 2756 --- [http-nio-8080-exec-2] o.s.web.servlet.DispatcherServlet        : Initializing Servlet 'dispatcherServlet'
2024-04-16T17:45:52.771-03:00  INFO 2756 --- [http-nio-8080-exec-2] o.s.web.servlet.DispatcherServlet        : Completed initialization in 2 ms
2024-04-16T17:45:53.044-03:00  INFO 2756 --- [http-nio-8080-exec-1] com.br.asbuilt.users.UserService         : User logged in. id=1, name=System Administrator
2024-04-16T17:48:06.575-03:00  INFO 2756 --- [http-nio-8080-exec-5] com.br.asbuilt.users.UserService         : User logged in. id=1, name=System Administrator
2024-04-16T17:50:02.003-03:00  INFO 2756 --- [http-nio-8080-exec-8] com.br.asbuilt.users.UserService         : User logged in. id=1, name=System Administrator
2024-04-16T18:00:01.376-03:00  INFO 2756 --- [http-nio-8080-exec-4] com.br.asbuilt.users.UserService         : User logged in. id=2, name=Rafael Kampa
2024-04-16T18:02:56.836-03:00  INFO 2756 --- [http-nio-8080-exec-7] com.br.asbuilt.users.UserService         : User logged in. id=2, name=Rafael Kampa
2024-04-16T18:06:32.833-03:00  INFO 2756 --- [http-nio-8080-exec-10] com.br.asbuilt.users.UserService         : User inserted: 352
2024-04-16T18:06:44.262-03:00  INFO 2756 --- [http-nio-8080-exec-1] com.br.asbuilt.users.UserService         : User logged in. id=352, name=Teste
2024-04-16T18:18:52.735-03:00  INFO 2756 --- [SpringApplicationShutdownHook] j.LocalContainerEntityManagerFactoryBean : Closing JPA EntityManagerFactory for persistence unit 'default'
2024-04-16T18:18:52.737-03:00  INFO 2756 --- [SpringApplicationShutdownHook] com.zaxxer.hikari.HikariDataSource       : HikariPool-1 - Shutdown initiated...
2024-04-16T18:18:52.737-03:00  INFO 2756 --- [SpringApplicationShutdownHook] com.zaxxer.hikari.HikariDataSource       : HikariPool-1 - Shutdown completed.
2024-04-16T18:19:12.335-03:00  INFO 3168 --- [main] com.br.asbuilt.AsBuiltApplicationKt      : Starting AsBuiltApplicationKt using Java 17.0.10 with PID 3168 (D:\Rafael\Projetos\AsBuilt\backend\build\classes\kotlin\main started by rafael.kampa in D:\Rafael\Projetos\AsBuilt)
2024-04-16T18:19:12.338-03:00  INFO 3168 --- [main] com.br.asbuilt.AsBuiltApplicationKt      : No active profile set, falling back to 1 default profile: "default"
2024-04-16T18:19:13.712-03:00  INFO 3168 --- [main] .s.d.r.c.RepositoryConfigurationDelegate : Bootstrapping Spring Data JPA repositories in DEFAULT mode.
2024-04-16T18:19:13.806-03:00  INFO 3168 --- [main] .s.d.r.c.RepositoryConfigurationDelegate : Finished Spring Data repository scanning in 84 ms. Found 4 JPA repository interfaces.
2024-04-16T18:19:14.629-03:00  INFO 3168 --- [main] o.s.b.w.embedded.tomcat.TomcatWebServer  : Tomcat initialized with port(s): 8080 (http)
2024-04-16T18:19:14.641-03:00  INFO 3168 --- [main] o.apache.catalina.core.StandardService   : Starting service [Tomcat]
2024-04-16T18:19:14.642-03:00  INFO 3168 --- [main] o.apache.catalina.core.StandardEngine    : Starting Servlet engine: [Apache Tomcat/10.1.11]
2024-04-16T18:19:14.768-03:00  INFO 3168 --- [main] o.a.c.c.C.[.[localhost].[/asbuilt]       : Initializing Spring embedded WebApplicationContext
2024-04-16T18:19:14.768-03:00  INFO 3168 --- [main] w.s.c.ServletWebServerApplicationContext : Root WebApplicationContext: initialization completed in 2363 ms
2024-04-16T18:19:15.198-03:00  INFO 3168 --- [main] o.hibernate.jpa.internal.util.LogHelper  : HHH000204: Processing PersistenceUnitInfo [name: default]
2024-04-16T18:19:15.289-03:00  INFO 3168 --- [main] org.hibernate.Version                    : HHH000412: Hibernate ORM core version 6.2.6.Final
2024-04-16T18:19:15.292-03:00  INFO 3168 --- [main] org.hibernate.cfg.Environment            : HHH000406: Using bytecode reflection optimizer
2024-04-16T18:19:15.503-03:00  INFO 3168 --- [main] o.h.b.i.BytecodeProviderInitiator        : HHH000021: Bytecode provider name : bytebuddy
2024-04-16T18:19:15.704-03:00  INFO 3168 --- [main] o.s.o.j.p.SpringPersistenceUnitInfo      : No LoadTimeWeaver setup: ignoring JPA class transformer
2024-04-16T18:19:15.730-03:00  INFO 3168 --- [main] com.zaxxer.hikari.HikariDataSource       : HikariPool-1 - Starting...
2024-04-16T18:19:16.240-03:00  INFO 3168 --- [main] com.zaxxer.hikari.pool.HikariPool        : HikariPool-1 - Added connection ConnectionID:1 ClientConnectionId: d5857695-2756-410c-9147-807f01115fab
2024-04-16T18:19:16.243-03:00  INFO 3168 --- [main] com.zaxxer.hikari.HikariDataSource       : HikariPool-1 - Start completed.
2024-04-16T18:19:16.712-03:00  INFO 3168 --- [main] o.h.b.i.BytecodeProviderInitiator        : HHH000021: Bytecode provider name : bytebuddy
2024-04-16T18:19:17.796-03:00  INFO 3168 --- [main] o.h.e.t.j.p.i.JtaPlatformInitiator       : HHH000490: Using JtaPlatform implementation: [org.hibernate.engine.transaction.jta.platform.internal.NoJtaPlatform]
2024-04-16T18:19:18.799-03:00  INFO 3168 --- [main] j.LocalContainerEntityManagerFactoryBean : Initialized JPA EntityManagerFactory for persistence unit 'default'
2024-04-16T18:19:19.410-03:00  INFO 3168 --- [main] o.s.d.j.r.query.QueryEnhancerFactory     : Hibernate is in classpath; If applicable, HQL parser will be used.
2024-04-16T18:19:20.247-03:00  WARN 3168 --- [main] JpaBaseConfiguration$JpaWebConfiguration : spring.jpa.open-in-view is enabled by default. Therefore, database queries may be performed during view rendering. Explicitly configure spring.jpa.open-in-view to disable this warning
2024-04-16T18:19:20.563-03:00  WARN 3168 --- [main] .s.s.UserDetailsServiceAutoConfiguration : 

Using generated security password: 507ce542-0109-4cf0-ba8d-751b53d6b210

This generated password is for development use only. Your security configuration must be updated before running your application in production.

2024-04-16T18:19:20.699-03:00  INFO 3168 --- [main] o.s.s.web.DefaultSecurityFilterChain     : Will secure any request with [org.springframework.security.web.session.DisableEncodeUrlFilter@5e5d41dc, org.springframework.security.web.context.request.async.WebAsyncManagerIntegrationFilter@87f4794, org.springframework.security.web.context.SecurityContextHolderFilter@6d49bd08, org.springframework.security.web.header.HeaderWriterFilter@5f6b6f2, org.springframework.web.filter.CorsFilter@7d37ee0c, org.springframework.security.web.authentication.logout.LogoutFilter@3f2cc8ab, com.br.asbuilt.security.JwtTokenFilter@37d28938, org.springframework.security.web.savedrequest.RequestCacheAwareFilter@31475919, org.springframework.security.web.servletapi.SecurityContextHolderAwareRequestFilter@13e6b26c, org.springframework.security.web.authentication.AnonymousAuthenticationFilter@78a894fe, org.springframework.security.web.session.SessionManagementFilter@c9f1951, org.springframework.security.web.access.ExceptionTranslationFilter@3edd135d, org.springframework.security.web.access.intercept.AuthorizationFilter@b8f6500]
2024-04-16T18:19:21.151-03:00  INFO 3168 --- [main] o.s.b.w.embedded.tomcat.TomcatWebServer  : Tomcat started on port(s): 8080 (http) with context path '/asbuilt'
2024-04-16T18:19:21.392-03:00  INFO 3168 --- [main] com.br.asbuilt.AsBuiltApplicationKt      : Started AsBuiltApplicationKt in 9.669 seconds (process running for 10.651)
2024-04-16T18:20:01.487-03:00  INFO 3168 --- [http-nio-8080-exec-2] o.a.c.c.C.[.[localhost].[/asbuilt]       : Initializing Spring DispatcherServlet 'dispatcherServlet'
2024-04-16T18:20:01.488-03:00  INFO 3168 --- [http-nio-8080-exec-2] o.s.web.servlet.DispatcherServlet        : Initializing Servlet 'dispatcherServlet'
2024-04-16T18:20:01.489-03:00  INFO 3168 --- [http-nio-8080-exec-2] o.s.web.servlet.DispatcherServlet        : Completed initialization in 1 ms
2024-04-16T18:20:02.006-03:00  INFO 3168 --- [http-nio-8080-exec-3] com.br.asbuilt.users.UserService         : User inserted: 402
2024-04-16T18:20:45.085-03:00  INFO 3168 --- [http-nio-8080-exec-4] com.br.asbuilt.users.UserService         : User logged in. id=402, name=Teste
2024-04-16T18:30:16.946-03:00  INFO 3168 --- [http-nio-8080-exec-7] com.br.asbuilt.users.UserService         : User logged in. id=1, name=System Administrator
2024-04-16T18:31:54.823-03:00  INFO 3168 --- [http-nio-8080-exec-10] com.br.asbuilt.users.UserService         : User logged in. id=1, name=System Administrator
2024-04-16T18:38:22.899-03:00  INFO 3168 --- [http-nio-8080-exec-1] com.br.asbuilt.users.UserService         : User logged in. id=1, name=System Administrator
2024-04-16T18:40:53.833-03:00  INFO 3168 --- [http-nio-8080-exec-8] com.br.asbuilt.users.UserService         : User logged in. id=1, name=System Administrator
2024-04-16T18:44:01.176-03:00  INFO 3168 --- [SpringApplicationShutdownHook] j.LocalContainerEntityManagerFactoryBean : Closing JPA EntityManagerFactory for persistence unit 'default'
2024-04-16T18:44:01.179-03:00  INFO 3168 --- [SpringApplicationShutdownHook] com.zaxxer.hikari.HikariDataSource       : HikariPool-1 - Shutdown initiated...
2024-04-16T18:44:01.185-03:00  INFO 3168 --- [SpringApplicationShutdownHook] com.zaxxer.hikari.HikariDataSource       : HikariPool-1 - Shutdown completed.
